<?xml version="1.0" encoding="UTF-8"?>
<testng-results skipped="0" failed="0" total="1" passed="1">
  <reporter-output>
  </reporter-output>
  <suite name="Surefire suite" duration-ms="3807" started-at="2016-11-22T18:50:54Z" finished-at="2016-11-22T18:50:58Z">
    <groups>
      <group name="cybersource">
        <method signature="TestCybersourcePayments.testPaymentAuthorizations()[pri:0, instance:com.visa.vdp.cybersource.TestCybersourcePayments@34033bd0]" name="testPaymentAuthorizations" class="com.visa.vdp.cybersource.TestCybersourcePayments"/>
      </group> <!-- cybersource -->
    </groups>
    <test name="Surefire test" duration-ms="3807" started-at="2016-11-22T18:50:54Z" finished-at="2016-11-22T18:50:58Z">
      <class name="com.visa.vdp.cybersource.TestCybersourcePayments">
        <test-method status="PASS" signature="setup()[pri:0, instance:com.visa.vdp.cybersource.TestCybersourcePayments@34033bd0]" name="setup" is-config="true" duration-ms="175" started-at="2016-11-22T13:50:54Z" finished-at="2016-11-22T13:50:55Z">
          <reporter-output>
          </reporter-output>
        </test-method> <!-- setup -->
        <test-method status="PASS" signature="testPaymentAuthorizations()[pri:0, instance:com.visa.vdp.cybersource.TestCybersourcePayments@34033bd0]" name="testPaymentAuthorizations" duration-ms="3625" started-at="2016-11-22T13:50:55Z" finished-at="2016-11-22T13:50:58Z">
          <reporter-output>
          </reporter-output>
        </test-method> <!-- testPaymentAuthorizations -->
      </class> <!-- com.visa.vdp.cybersource.TestCybersourcePayments -->
    </test> <!-- Surefire test -->
  </suite> <!-- Surefire suite -->
</testng-results>
